#
# A fatal error has been detected by the Java Runtime Environment:
#
#  EXCEPTION_ACCESS_VIOLATION (0xc0000005) at pc=0x575d9af3, pid=13600, tid=0x000043a8
#
# JRE version: Java(TM) SE Runtime Environment (8.0_121-b13) (build 1.8.0_121-b13)
# Java VM: Java HotSpot(TM) Client VM (25.121-b13 mixed mode windows-x86 )
# Problematic frame:
# C  [awt.dll+0xa9af3]
#
# Failed to write core dump. Minidumps are not enabled by default on client versions of Windows
#
# If you would like to submit a bug report, please visit:
#   http://bugreport.java.com/bugreport/crash.jsp
# The crash happened outside the Java Virtual Machine in native code.
# See problematic frame for where to report the bug.
#

---------------  T H R E A D  ---------------

Current thread (0x27c1b800):  JavaThread "AWT-EventQueue-0" [_thread_in_native, id=17320, stack(0x291d0000,0x29220000)]

siginfo: ExceptionCode=0xc0000005, reading address 0x00000004

Registers:
EAX=0x0000000d, EBX=0x1001352b, ECX=0x00000000, EDX=0x0149fc08
ESP=0x2921e0e8, EBP=0x773d4840, ESI=0x27e896d8, EDI=0x281d00e8
EIP=0x575d9af3, EFLAGS=0x00010293

Top of Stack: (sp=0x2921e0e8)
0x2921e0e8:   5755e936 1001352b 281d00e8 27c1b940
0x2921e0f8:   2921e1b8 2921e670 5758b3db 27c1b940
0x2921e108:   281d00e8 2921e670 5758b3f2 00000001
0x2921e118:   00000000 00000000 5755bb85 27c1b940
0x2921e128:   2921e670 27c1b800 00000000 00000000
0x2921e138:   265a38b9 2921e160 265a91b0 2a149d78
0x2921e148:   2921e674 27c1b940 2921e15c 2921e18c
0x2921e158:   02d84854 05dbeef0 ffffffff 2921e164 

Instructions: (pc=0x575d9af3)
0x575d9ad3:   00 00 c3 8b 41 04 8b 80 0c 0c 00 00 c3 8b 01 83
0x575d9ae3:   78 04 08 7e 03 33 c0 c3 8b 49 04 e9 30 eb fe ff
0x575d9af3:   8b 49 04 85 c9 74 05 e9 3e e9 fe ff 33 c0 c2 04
0x575d9b03:   00 8b 49 04 85 c9 74 05 e9 53 e9 fe ff c2 04 00 


Register to memory mapping:

EAX=0x0000000d is an unknown value
EBX=0x1001352b is pointing into object: 0x10013510
[C 
 - klass: {type array char}
 - length: 11
ECX=0x00000000 is an unknown value
EDX=0x0149fc08 is an unknown value
ESP=0x2921e0e8 is pointing into the stack for thread: 0x27c1b800
EBP=0x773d4840 is an unknown value
ESI=0x27e896d8 is an unknown value
EDI=0x281d00e8 is an unknown value


Stack: [0x291d0000,0x29220000],  sp=0x2921e0e8,  free space=312k
Native frames: (J=compiled Java code, j=interpreted, Vv=VM code, C=native code)
C  [awt.dll+0xa9af3]

Java frames: (J=compiled Java code, j=interpreted, Vv=VM code)
J 3520  sun.java2d.windows.GDIBlitLoops.nativeBlit(Lsun/java2d/SurfaceData;Lsun/java2d/SurfaceData;Lsun/java2d/pipe/Region;IIIIIIIIIZ)V (0 bytes) @ 0x03326898 [0x033267d0+0xc8]
J 23381 C1 sun.java2d.windows.GDIBlitLoops.Blit(Lsun/java2d/SurfaceData;Lsun/java2d/SurfaceData;Ljava/awt/Composite;Lsun/java2d/pipe/Region;IIIIII)V (37 bytes) @ 0x030107d8 [0x03010740+0x98]
J 23210 C1 sun.java2d.pipe.DrawImage.blitSurfaceData(Lsun/java2d/SunGraphics2D;Lsun/java2d/pipe/Region;Lsun/java2d/SurfaceData;Lsun/java2d/SurfaceData;Lsun/java2d/loops/SurfaceType;Lsun/java2d/loops/SurfaceType;IIIIIILjava/awt/Color;)V (145 bytes) @ 0x03094140 [0x03093f20+0x220]
J 23207 C1 sun.java2d.pipe.DrawImage.renderImageCopy(Lsun/java2d/SunGraphics2D;Ljava/awt/Image;Ljava/awt/Color;IIIIII)Z (147 bytes) @ 0x033041dc [0x033040c0+0x11c]
J 23208 C1 sun.java2d.pipe.DrawImage.copyImage(Lsun/java2d/SunGraphics2D;Ljava/awt/Image;IILjava/awt/Color;)Z (105 bytes) @ 0x03303cf0 [0x03303b10+0x1e0]
J 23169 C1 sun.java2d.pipe.DrawImage.copyImage(Lsun/java2d/SunGraphics2D;Ljava/awt/Image;IILjava/awt/Color;Ljava/awt/image/ImageObserver;)Z (60 bytes) @ 0x032f06e8 [0x032f0580+0x168]
J 23338 C1 sun.java2d.pipe.ValidatePipe.copyImage(Lsun/java2d/SunGraphics2D;Ljava/awt/Image;IILjava/awt/Color;Ljava/awt/image/ImageObserver;)Z (29 bytes) @ 0x03002d68 [0x03002cf0+0x78]
J 23166 C1 sun.java2d.SunGraphics2D.drawImage(Ljava/awt/Image;IILjava/awt/Color;Ljava/awt/image/ImageObserver;)Z (145 bytes) @ 0x03001f8c [0x03001d90+0x1fc]
J 23206 C1 sun.java2d.SunGraphics2D.drawImage(Ljava/awt/Image;IILjava/awt/image/ImageObserver;)Z (11 bytes) @ 0x033048c0 [0x03304880+0x40]
J 3057 C1 javax.swing.RepaintManager$PaintManager.paintDoubleBuffered(Ljavax/swing/JComponent;Ljava/awt/Image;Ljava/awt/Graphics;IIII)V (294 bytes) @ 0x03282508 [0x03282360+0x1a8]
J 3357 C1 javax.swing.RepaintManager$PaintManager.paint(Ljavax/swing/JComponent;Ljavax/swing/JComponent;Ljava/awt/Graphics;IIII)Z (189 bytes) @ 0x032ed5cc [0x032ed390+0x23c]
J 3485 C1 javax.swing.RepaintManager.paint(Ljavax/swing/JComponent;Ljavax/swing/JComponent;Ljava/awt/Graphics;IIII)V (93 bytes) @ 0x0331b7b0 [0x0331b5c0+0x1f0]
J 35796 C1 javax.swing.JComponent.paint(Ljava/awt/Graphics;)V (409 bytes) @ 0x030e4c34 [0x030e48d0+0x364]
j  java.awt.GraphicsCallback$PaintCallback.run(Ljava/awt/Component;Ljava/awt/Graphics;)V+2
j  sun.awt.SunGraphicsCallback.runOneComponent(Ljava/awt/Component;Ljava/awt/Rectangle;Ljava/awt/Graphics;Ljava/awt/Shape;I)V+155
j  sun.awt.SunGraphicsCallback.runComponents([Ljava/awt/Component;Ljava/awt/Graphics;I)V+194
j  java.awt.Container.paint(Ljava/awt/Graphics;)V+58
j  java.awt.Window.paint(Ljava/awt/Graphics;)V+68
J 3557 C1 javax.swing.RepaintManager$4.run()Ljava/lang/Void; (278 bytes) @ 0x02e37e34 [0x02e37b60+0x2d4]
J 3556 C1 javax.swing.RepaintManager$4.run()Ljava/lang/Object; (5 bytes) @ 0x02e59c60 [0x02e59c40+0x20]
v  ~StubRoutines::call_stub
J 1674  java.security.AccessController.doPrivileged(Ljava/security/PrivilegedAction;Ljava/security/AccessControlContext;)Ljava/lang/Object; (0 bytes) @ 0x0308b887 [0x0308b820+0x67]
J 3306 C1 javax.swing.RepaintManager.paintDirtyRegions(Ljava/util/Map;)V (196 bytes) @ 0x032dd9bc [0x032dd5e0+0x3dc]
J 3685 C1 javax.swing.RepaintManager.paintDirtyRegions()V (50 bytes) @ 0x02fbb524 [0x02fbb3e0+0x144]
J 3683 C1 javax.swing.RepaintManager.prePaintDirtyRegions()V (91 bytes) @ 0x02f95e74 [0x02f95cb0+0x1c4]
J 3552 C1 javax.swing.RepaintManager$ProcessingRunnable.run()V (41 bytes) @ 0x0332ee24 [0x0332ecf0+0x134]
J 2657 C1 java.awt.event.InvocationEvent.dispatch()V (69 bytes) @ 0x031ed31c [0x031ed230+0xec]
J 1907 C1 java.awt.EventQueue.dispatchEventImpl(Ljava/awt/AWTEvent;Ljava/lang/Object;)V (149 bytes) @ 0x030deacc [0x030de610+0x4bc]
J 1904 C1 java.awt.EventQueue$3.run()Ljava/lang/Void; (60 bytes) @ 0x030ddd9c [0x030ddd40+0x5c]
J 1903 C1 java.awt.EventQueue$3.run()Ljava/lang/Object; (5 bytes) @ 0x030ddb20 [0x030ddb00+0x20]
v  ~StubRoutines::call_stub
J 1674  java.security.AccessController.doPrivileged(Ljava/security/PrivilegedAction;Ljava/security/AccessControlContext;)Ljava/lang/Object; (0 bytes) @ 0x0308b887 [0x0308b820+0x67]
J 1899 C1 java.awt.EventQueue.dispatchEvent(Ljava/awt/AWTEvent;)V (80 bytes) @ 0x030dc648 [0x030dc440+0x208]
J 1642 C1 java.awt.EventDispatchThread.pumpOneEventForFilters(I)V (295 bytes) @ 0x03082e90 [0x03082800+0x690]
J 3821% C1 java.awt.EventDispatchThread.pumpEventsForFilter(ILjava/awt/Conditional;Ljava/awt/EventFilter;)V (47 bytes) @ 0x03071f70 [0x03071ec0+0xb0]
j  java.awt.EventDispatchThread.pumpEventsForHierarchy(ILjava/awt/Conditional;Ljava/awt/Component;)V+11
j  java.awt.EventDispatchThread.pumpEvents(ILjava/awt/Conditional;)V+4
j  java.awt.EventDispatchThread.pumpEvents(Ljava/awt/Conditional;)V+3
j  java.awt.EventDispatchThread.run()V+9
v  ~StubRoutines::call_stub

---------------  P R O C E S S  ---------------

Java Threads: ( => current thread )
  0x27fcc400 JavaThread "JmDNS(USPLMWN117059-avl01-avlcorp-lan.local.).State.Timer" daemon [_thread_blocked, id=17336, stack(0x2b2f0000,0x2b340000)]
  0x27fcbc00 JavaThread "JmDNS(USPLMWN117059-avl01-avlcorp-lan.local.).Timer" daemon [_thread_blocked, id=17236, stack(0x2b260000,0x2b2b0000)]
  0x27fcb400 JavaThread "SocketListener(USPLMWN117059-avl01-avlcorp-lan.local.)" daemon [_thread_in_native, id=16372, stack(0x2b1d0000,0x2b220000)]
  0x27fcd000 JavaThread "JmDNS(USPLMWN117059-avl01-avlcorp-lan.local.).State.Timer" daemon [_thread_blocked, id=19256, stack(0x29fd0000,0x2a020000)]
  0x27fc9000 JavaThread "JmDNS(USPLMWN117059-avl01-avlcorp-lan.local.).Timer" daemon [_thread_blocked, id=18936, stack(0x287f0000,0x28840000)]
  0x27fca800 JavaThread "SocketListener(USPLMWN117059-avl01-avlcorp-lan.local.)" daemon [_thread_in_native, id=19012, stack(0x27800000,0x27850000)]
  0x27c1f800 JavaThread "JmDNS(USPLMWN117059-avl01-avlcorp-lan.local.).State.Timer" daemon [_thread_blocked, id=6952, stack(0x28be0000,0x28c30000)]
  0x27c1f000 JavaThread "JmDNS(USPLMWN117059-avl01-avlcorp-lan.local.).Timer" daemon [_thread_blocked, id=15968, stack(0x28b50000,0x28ba0000)]
  0x27c1d800 JavaThread "SocketListener(USPLMWN117059-avl01-avlcorp-lan.local.)" daemon [_thread_in_native, id=19036, stack(0x28ac0000,0x28b10000)]
  0x27c1c400 JavaThread "JmDNS(USPLMWN117059-avl01-avlcorp-lan.local.).State.Timer" daemon [_thread_blocked, id=7008, stack(0x289a0000,0x289f0000)]
  0x27c1b000 JavaThread "JmDNS(USPLMWN117059-avl01-avlcorp-lan.local.).Timer" daemon [_thread_blocked, id=16560, stack(0x28910000,0x28960000)]
  0x27c1e400 JavaThread "SocketListener(USPLMWN117059-avl01-avlcorp-lan.local.)" daemon [_thread_in_native, id=15516, stack(0x26700000,0x26750000)]
  0x27c1dc00 JavaThread "DestroyJavaVM" [_thread_blocked, id=17700, stack(0x02ca0000,0x02cf0000)]
  0x27c1ac00 JavaThread "TimerQueue" daemon [_thread_blocked, id=16996, stack(0x29e30000,0x29e80000)]
  0x27c1a400 JavaThread "Batik CleanerThread" daemon [_thread_blocked, id=8332, stack(0x292a0000,0x292f0000)]
=>0x27c1b800 JavaThread "AWT-EventQueue-0" [_thread_in_native, id=17320, stack(0x291d0000,0x29220000)]
  0x27c1cc00 JavaThread "AWT-Shutdown" [_thread_blocked, id=12500, stack(0x29040000,0x29090000)]
  0x27c1c000 JavaThread "Timer-0" [_thread_blocked, id=16444, stack(0x28eb0000,0x28f00000)]
  0x27bbbc00 JavaThread "Multihomed mDNS.Timer" daemon [_thread_blocked, id=3248, stack(0x28640000,0x28690000)]
  0x27bba800 JavaThread "cc.arduino.packages.discoverers.serial.SerialBoardsLister" [_thread_in_native, id=15800, stack(0x285b0000,0x28600000)]
  0x262aec00 JavaThread "AWT-Windows" daemon [_thread_in_native, id=11232, stack(0x26790000,0x267e0000)]
  0x262adc00 JavaThread "Java2D Disposer" daemon [_thread_blocked, id=19620, stack(0x26670000,0x266c0000)]
  0x25b14000 JavaThread "Service Thread" daemon [_thread_blocked, id=19208, stack(0x25f60000,0x25fb0000)]
  0x25af1c00 JavaThread "C1 CompilerThread0" daemon [_thread_blocked, id=10784, stack(0x25ed0000,0x25f20000)]
  0x25af0400 JavaThread "Attach Listener" daemon [_thread_blocked, id=19244, stack(0x25e40000,0x25e90000)]
  0x25aec800 JavaThread "Signal Dispatcher" daemon [_thread_blocked, id=15532, stack(0x25db0000,0x25e00000)]
  0x25adbc00 JavaThread "Finalizer" daemon [_thread_blocked, id=9300, stack(0x25640000,0x25690000)]
  0x25ac6000 JavaThread "Reference Handler" daemon [_thread_blocked, id=7492, stack(0x255b0000,0x25600000)]

Other Threads:
  0x02b7e400 VMThread [stack: 0x25520000,0x25570000] [id=16568]
  0x25b20000 WatcherThread [stack: 0x25ff0000,0x26040000] [id=19500]

VM state:not at safepoint (normal execution)

VM Mutex/Monitor currently owned by a thread: None

Heap:
 def new generation   total 42496K, used 16842K [0x05000000, 0x07e10000, 0x0faa0000)
  eden space 37824K,  43% used [0x05000000, 0x0603f1e0, 0x074f0000)
  from space 4672K,   4% used [0x07980000, 0x079b39e0, 0x07e10000)
  to   space 4672K,   0% used [0x074f0000, 0x074f0000, 0x07980000)
 tenured generation   total 94280K, used 57565K [0x0faa0000, 0x156b2000, 0x25000000)
   the space 94280K,  61% used [0x0faa0000, 0x132d76d0, 0x132d7800, 0x156b2000)
 Metaspace       used 19675K, capacity 20167K, committed 20352K, reserved 20864K

Card table byte_map: [0x04e30000,0x04f40000] byte_map_base: 0x04e08000

Polling page: 0x01270000

CodeCache: size=32768Kb used=1996Kb max_used=5816Kb free=30771Kb
 bounds [0x02d80000, 0x03330000, 0x04d80000]
 total_blobs=1220 nmethods=936 adapters=211
 compilation: enabled

Compilation events (10 events):
Event: 108652.981 Thread 0x25af1c00 38138             javax.swing.text.GlyphPainter1::sync (55 bytes)
Event: 108652.982 Thread 0x25af1c00 nmethod 38138 0x03095708 code [0x03095870, 0x03095bd4]
Event: 108652.982 Thread 0x25af1c00 38139             javax.swing.text.LabelView::getFont (9 bytes)
Event: 108652.982 Thread 0x25af1c00 nmethod 38139 0x0308b9c8 code [0x0308bad0, 0x0308bb7c]
Event: 108652.982 Thread 0x25af1c00 38140             java.awt.FontMetrics::getFont (5 bytes)
Event: 108652.982 Thread 0x25af1c00 nmethod 38140 0x03010488 code [0x03010580, 0x03010600]
Event: 108653.028 Thread 0x25af1c00 38141             sun.font.FileFontStrike::getSlot0GlyphImagePtrs (129 bytes)
Event: 108653.029 Thread 0x25af1c00 nmethod 38141 0x0332ab88 code [0x0332ada0, 0x0332b838]
Event: 108653.029 Thread 0x25af1c00 38142             processing.app.EditorHeader::paintComponent (676 bytes)
Event: 108653.034 Thread 0x25af1c00 nmethod 38142 0x02e46488 code [0x02e468f0, 0x02e47da4]

GC Heap History (10 events):
Event: 95645.146 GC heap before
{Heap before GC invocations=163 (full 3):
 def new generation   total 42496K, used 37930K [0x05000000, 0x07e10000, 0x0faa0000)
  eden space 37824K, 100% used [0x05000000, 0x074f0000, 0x074f0000)
  from space 4672K,   2% used [0x074f0000, 0x0750aaa8, 0x07980000)
  to   space 4672K,   0% used [0x07980000, 0x07980000, 0x07e10000)
 tenured generation   total 94280K, used 57502K [0x0faa0000, 0x156b2000, 0x25000000)
   the space 94280K,  60% used [0x0faa0000, 0x132c7b90, 0x132c7c00, 0x156b2000)
 Metaspace       used 19674K, capacity 20167K, committed 20352K, reserved 20864K
Event: 95645.149 GC heap after
Heap after GC invocations=164 (full 3):
 def new generation   total 42496K, used 42K [0x05000000, 0x07e10000, 0x0faa0000)
  eden space 37824K,   0% used [0x05000000, 0x05000000, 0x074f0000)
  from space 4672K,   0% used [0x07980000, 0x0798abc0, 0x07e10000)
  to   space 4672K,   0% used [0x074f0000, 0x074f0000, 0x07980000)
 tenured generation   total 94280K, used 57565K [0x0faa0000, 0x156b2000, 0x25000000)
   the space 94280K,  61% used [0x0faa0000, 0x132d7618, 0x132d7800, 0x156b2000)
 Metaspace       used 19674K, capacity 20167K, committed 20352K, reserved 20864K
}
Event: 95890.672 GC heap before
{Heap before GC invocations=164 (full 3):
 def new generation   total 42496K, used 37866K [0x05000000, 0x07e10000, 0x0faa0000)
  eden space 37824K, 100% used [0x05000000, 0x074f0000, 0x074f0000)
  from space 4672K,   0% used [0x07980000, 0x0798abc0, 0x07e10000)
  to   space 4672K,   0% used [0x074f0000, 0x074f0000, 0x07980000)
 tenured generation   total 94280K, used 57565K [0x0faa0000, 0x156b2000, 0x25000000)
   the space 94280K,  61% used [0x0faa0000, 0x132d7618, 0x132d7800, 0x156b2000)
 Metaspace       used 19674K, capacity 20167K, committed 20352K, reserved 20864K
Event: 95890.675 GC heap after
Heap after GC invocations=165 (full 3):
 def new generation   total 42496K, used 50K [0x05000000, 0x07e10000, 0x0faa0000)
  eden space 37824K,   0% used [0x05000000, 0x05000000, 0x074f0000)
  from space 4672K,   1% used [0x074f0000, 0x074fc9d0, 0x07980000)
  to   space 4672K,   0% used [0x07980000, 0x07980000, 0x07e10000)
 tenured generation   total 94280K, used 57565K [0x0faa0000, 0x156b2000, 0x25000000)
   the space 94280K,  61% used [0x0faa0000, 0x132d76b0, 0x132d7800, 0x156b2000)
 Metaspace       used 19674K, capacity 20167K, committed 20352K, reserved 20864K
}
Event: 96105.366 GC heap before
{Heap before GC invocations=165 (full 3):
 def new generation   total 42496K, used 37874K [0x05000000, 0x07e10000, 0x0faa0000)
  eden space 37824K, 100% used [0x05000000, 0x074f0000, 0x074f0000)
  from space 4672K,   1% used [0x074f0000, 0x074fc9d0, 0x07980000)
  to   space 4672K,   0% used [0x07980000, 0x07980000, 0x07e10000)
 tenured generation   total 94280K, used 57565K [0x0faa0000, 0x156b2000, 0x25000000)
   the space 94280K,  61% used [0x0faa0000, 0x132d76b0, 0x132d7800, 0x156b2000)
 Metaspace       used 19674K, capacity 20167K, committed 20352K, reserved 20864K
Event: 96105.370 GC heap after
Heap after GC invocations=166 (full 3):
 def new generation   total 42496K, used 2154K [0x05000000, 0x07e10000, 0x0faa0000)
  eden space 37824K,   0% used [0x05000000, 0x05000000, 0x074f0000)
  from space 4672K,  46% used [0x07980000, 0x07b9abb8, 0x07e10000)
  to   space 4672K,   0% used [0x074f0000, 0x074f0000, 0x07980000)
 tenured generation   total 94280K, used 57565K [0x0faa0000, 0x156b2000, 0x25000000)
   the space 94280K,  61% used [0x0faa0000, 0x132d76d0, 0x132d7800, 0x156b2000)
 Metaspace       used 19674K, capacity 20167K, committed 20352K, reserved 20864K
}
Event: 101801.109 GC heap before
{Heap before GC invocations=166 (full 3):
 def new generation   total 42496K, used 39978K [0x05000000, 0x07e10000, 0x0faa0000)
  eden space 37824K, 100% used [0x05000000, 0x074f0000, 0x074f0000)
  from space 4672K,  46% used [0x07980000, 0x07b9abb8, 0x07e10000)
  to   space 4672K,   0% used [0x074f0000, 0x074f0000, 0x07980000)
 tenured generation   total 94280K, used 57565K [0x0faa0000, 0x156b2000, 0x25000000)
   the space 94280K,  61% used [0x0faa0000, 0x132d76d0, 0x132d7800, 0x156b2000)
 Metaspace       used 19675K, capacity 20167K, committed 20352K, reserved 20864K
Event: 101801.112 GC heap after
Heap after GC invocations=167 (full 3):
 def new generation   total 42496K, used 2226K [0x05000000, 0x07e10000, 0x0faa0000)
  eden space 37824K,   0% used [0x05000000, 0x05000000, 0x074f0000)
  from space 4672K,  47% used [0x074f0000, 0x0771c838, 0x07980000)
  to   space 4672K,   0% used [0x07980000, 0x07980000, 0x07e10000)
 tenured generation   total 94280K, used 57565K [0x0faa0000, 0x156b2000, 0x25000000)
   the space 94280K,  61% used [0x0faa0000, 0x132d76d0, 0x132d7800, 0x156b2000)
 Metaspace       used 19675K, capacity 20167K, committed 20352K, reserved 20864K
}
Event: 108652.842 GC heap before
{Heap before GC invocations=167 (full 3):
 def new generation   total 42496K, used 36963K [0x05000000, 0x07e10000, 0x0faa0000)
  eden space 37824K,  91% used [0x05000000, 0x071ec478, 0x074f0000)
  from space 4672K,  47% used [0x074f0000, 0x0771c838, 0x07980000)
  to   space 4672K,   0% used [0x07980000, 0x07980000, 0x07e10000)
 tenured generation   total 94280K, used 57565K [0x0faa0000, 0x156b2000, 0x25000000)
   the space 94280K,  61% used [0x0faa0000, 0x132d76d0, 0x132d7800, 0x156b2000)
 Metaspace       used 19675K, capacity 20167K, committed 20352K, reserved 20864K
Event: 108652.847 GC heap after
Heap after GC invocations=168 (full 3):
 def new generation   total 42496K, used 206K [0x05000000, 0x07e10000, 0x0faa0000)
  eden space 37824K,   0% used [0x05000000, 0x05000000, 0x074f0000)
  from space 4672K,   4% used [0x07980000, 0x079b39e0, 0x07e10000)
  to   space 4672K,   0% used [0x074f0000, 0x074f0000, 0x07980000)
 tenured generation   total 94280K, used 57565K [0x0faa0000, 0x156b2000, 0x25000000)
   the space 94280K,  61% used [0x0faa0000, 0x132d76d0, 0x132d7800, 0x156b2000)
 Metaspace       used 19675K, capacity 20167K, committed 20352K, reserved 20864K
}

Deoptimization events (0 events):
No events

Internal exceptions (10 events):
Event: 104256.488 Thread 0x27fcc800 Exception <a 'java/net/SocketException': socket closed> (0x062101f8) thrown at [C:\workspace\8-2-build-windows-i586-cygwin\jdk8u121\8372\hotspot\src\share\vm\prims\jni.cpp, line 735]
Event: 104262.501 Thread 0x27fca800 Exception <a 'java/net/SocketException': socket closed> (0x06205c38) thrown at [C:\workspace\8-2-build-windows-i586-cygwin\jdk8u121\8372\hotspot\src\share\vm\prims\jni.cpp, line 735]
Event: 104672.866 Thread 0x27fcc400 Exception <a 'java/net/SocketException': socket closed> (0x06396b30) thrown at [C:\workspace\8-2-build-windows-i586-cygwin\jdk8u121\8372\hotspot\src\share\vm\prims\jni.cpp, line 735]
Event: 104678.880 Thread 0x27fca800 Exception <a 'java/net/SocketException': socket closed> (0x0638c570) thrown at [C:\workspace\8-2-build-windows-i586-cygwin\jdk8u121\8372\hotspot\src\share\vm\prims\jni.cpp, line 735]
Event: 105678.286 Thread 0x27fcc800 Exception <a 'java/net/SocketException': socket closed> (0x06878260) thrown at [C:\workspace\8-2-build-windows-i586-cygwin\jdk8u121\8372\hotspot\src\share\vm\prims\jni.cpp, line 735]
Event: 105684.301 Thread 0x27fcbc00 Exception <a 'java/net/SocketException': socket closed> (0x0686dca0) thrown at [C:\workspace\8-2-build-windows-i586-cygwin\jdk8u121\8372\hotspot\src\share\vm\prims\jni.cpp, line 735]
Event: 105776.584 Thread 0x27fc9000 Exception <a 'java/net/SocketException': socket closed> (0x069c3508) thrown at [C:\workspace\8-2-build-windows-i586-cygwin\jdk8u121\8372\hotspot\src\share\vm\prims\jni.cpp, line 735]
Event: 105782.596 Thread 0x27fcc800 Exception <a 'java/net/SocketException': socket closed> (0x06956698) thrown at [C:\workspace\8-2-build-windows-i586-cygwin\jdk8u121\8372\hotspot\src\share\vm\prims\jni.cpp, line 735]
Event: 105989.639 Thread 0x27fc8800 Exception <a 'java/net/SocketException': socket closed> (0x069f3198) thrown at [C:\workspace\8-2-build-windows-i586-cygwin\jdk8u121\8372\hotspot\src\share\vm\prims\jni.cpp, line 735]
Event: 105994.653 Thread 0x27fca400 Exception <a 'java/net/SocketException': socket closed> (0x06a05bb0) thrown at [C:\workspace\8-2-build-windows-i586-cygwin\jdk8u121\8372\hotspot\src\share\vm\prims\jni.cpp, line 735]

Events (10 events):
Event: 108074.251 Thread 0x25af1c00 flushing nmethod 0x0331a908
Event: 108074.251 Thread 0x25af1c00 flushing nmethod 0x0332ab08
Event: 108074.658 Thread 0x25af1c00 flushing nmethod 0x02e24648
Event: 108074.659 Thread 0x25af1c00 flushing nmethod 0x02f7c548
Event: 108652.746 Thread 0x25af1c00 flushing nmethod 0x03091b08
Event: 108652.747 Thread 0x25af1c00 flushing nmethod 0x03152c88
Event: 108652.841 Executing VM operation: GenCollectForAllocation
Event: 108652.847 Executing VM operation: GenCollectForAllocation done
Event: 108652.970 Thread 0x25af1c00 flushing nmethod 0x02e3cdc8
Event: 108652.975 Thread 0x25af1c00 flushing nmethod 0x030b0548


Dynamic libraries:
0x00a10000 - 0x00a43000 	C:\Program Files (x86)\Arduino\java\bin\javaw.exe
0x77a40000 - 0x77bc3000 	C:\WINDOWS\SYSTEM32\ntdll.dll
0x74570000 - 0x74650000 	C:\WINDOWS\System32\KERNEL32.DLL
0x76910000 - 0x76ab1000 	C:\WINDOWS\System32\KERNELBASE.dll
0x76c20000 - 0x76c97000 	C:\WINDOWS\System32\ADVAPI32.dll
0x77310000 - 0x773ce000 	C:\WINDOWS\System32\msvcrt.dll
0x76d40000 - 0x76d81000 	C:\WINDOWS\System32\sechost.dll
0x77400000 - 0x774c1000 	C:\WINDOWS\System32\RPCRT4.dll
0x74500000 - 0x7451f000 	C:\WINDOWS\System32\SspiCli.dll
0x744f0000 - 0x744fa000 	C:\WINDOWS\System32\CRYPTBASE.dll
0x76ca0000 - 0x76cfa000 	C:\WINDOWS\System32\bcryptPrimitives.dll
0x76de0000 - 0x76f3f000 	C:\WINDOWS\System32\USER32.dll
0x76610000 - 0x76625000 	C:\WINDOWS\System32\win32u.dll
0x773d0000 - 0x773fb000 	C:\WINDOWS\System32\GDI32.dll
0x76ac0000 - 0x76c1a000 	C:\WINDOWS\System32\gdi32full.dll
0x64bf0000 - 0x64dfa000 	C:\WINDOWS\WinSxS\x86_microsoft.windows.common-controls_6595b64144ccf1df_6.0.14393.953_none_89c2555adb023171\COMCTL32.dll
0x76200000 - 0x76412000 	C:\WINDOWS\System32\combase.dll
0x76510000 - 0x765f0000 	C:\WINDOWS\System32\ucrtbase.dll
0x76d00000 - 0x76d25000 	C:\WINDOWS\System32\IMM32.DLL
0x71460000 - 0x7151f000 	C:\Program Files (x86)\Arduino\java\bin\msvcr100.dll
0x57680000 - 0x57a4e000 	C:\Program Files (x86)\Arduino\java\bin\client\jvm.dll
0x76d30000 - 0x76d36000 	C:\WINDOWS\System32\PSAPI.DLL
0x702f0000 - 0x702f8000 	C:\WINDOWS\SYSTEM32\WSOCK32.dll
0x772a0000 - 0x77303000 	C:\WINDOWS\System32\WS2_32.dll
0x71340000 - 0x71364000 	C:\WINDOWS\SYSTEM32\WINMM.dll
0x735a0000 - 0x735a8000 	C:\WINDOWS\SYSTEM32\VERSION.dll
0x01230000 - 0x01253000 	C:\WINDOWS\SYSTEM32\WINMMBASE.dll
0x77260000 - 0x77296000 	C:\WINDOWS\System32\cfgmgr32.dll
0x6d7b0000 - 0x6d7e1000 	C:\Program Files (x86)\Arduino\java\bin\splashscreen.dll
0x71370000 - 0x713e5000 	C:\WINDOWS\system32\uxtheme.dll
0x71570000 - 0x7157c000 	C:\Program Files (x86)\Arduino\java\bin\verify.dll
0x6d780000 - 0x6d7a1000 	C:\Program Files (x86)\Arduino\java\bin\java.dll
0x74750000 - 0x74885000 	C:\WINDOWS\System32\MSCTF.dll
0x746b0000 - 0x74744000 	C:\WINDOWS\System32\OLEAUT32.dll
0x76180000 - 0x761fb000 	C:\WINDOWS\System32\msvcp_win.dll
0x71440000 - 0x71453000 	C:\Program Files (x86)\Arduino\java\bin\zip.dll
0x76900000 - 0x7690d000 	C:\WINDOWS\System32\kernel.appcore.dll
0x74da0000 - 0x76178000 	C:\WINDOWS\System32\SHELL32.dll
0x774d0000 - 0x77a3e000 	C:\WINDOWS\System32\windows.storage.dll
0x76d90000 - 0x76dd5000 	C:\WINDOWS\System32\powrprof.dll
0x768a0000 - 0x768e6000 	C:\WINDOWS\System32\shlwapi.dll
0x74890000 - 0x74918000 	C:\WINDOWS\System32\shcore.dll
0x768f0000 - 0x768ff000 	C:\WINDOWS\System32\profapi.dll
0x61940000 - 0x619b2000 	C:\Program Files (x86)\Arduino\lib\listSerialsj.dll
0x74920000 - 0x74d2b000 	C:\WINDOWS\System32\SETUPAPI.dll
0x71320000 - 0x7133d000 	C:\Program Files (x86)\Arduino\lib\jnidispatch-4.2.2-win32-x86.dll
0x76420000 - 0x7650c000 	C:\WINDOWS\System32\Ole32.dll
0x5c9c0000 - 0x5c9d6000 	C:\Program Files (x86)\Arduino\java\bin\net.dll
0x73c50000 - 0x73c9e000 	C:\WINDOWS\system32\mswsock.dll
0x71540000 - 0x7154f000 	C:\Program Files (x86)\Arduino\java\bin\nio.dll
0x57530000 - 0x57676000 	C:\Program Files (x86)\Arduino\java\bin\awt.dll
0x71660000 - 0x716f2000 	C:\WINDOWS\SYSTEM32\apphelp.dll
0x712c0000 - 0x712df000 	C:\WINDOWS\system32\dwmapi.dll
0x5c980000 - 0x5c9b9000 	C:\Program Files (x86)\Arduino\java\bin\fontmanager.dll
0x5faa0000 - 0x5fb80000 	C:\WINDOWS\system32\opengl32.dll
0x5fa70000 - 0x5fa95000 	C:\WINDOWS\SYSTEM32\GLU32.dll
0x5f980000 - 0x5fa6d000 	C:\WINDOWS\SYSTEM32\DDRAW.dll
0x5f970000 - 0x5f977000 	C:\WINDOWS\SYSTEM32\DCIMAN32.dll
0x5c940000 - 0x5c972000 	C:\Program Files (x86)\Arduino\java\bin\t2k.dll
0x6fa20000 - 0x6fa42000 	C:\WINDOWS\SYSTEM32\DEVOBJ.dll
0x74520000 - 0x74564000 	C:\WINDOWS\System32\WINTRUST.dll
0x76630000 - 0x7663e000 	C:\WINDOWS\System32\MSASN1.dll
0x76fb0000 - 0x7712d000 	C:\WINDOWS\System32\CRYPT32.dll
0x735d0000 - 0x735ff000 	C:\WINDOWS\SYSTEM32\IPHLPAPI.DLL
0x76f40000 - 0x76f47000 	C:\WINDOWS\System32\NSI.dll
0x73c10000 - 0x73c23000 	C:\WINDOWS\SYSTEM32\dhcpcsvc6.DLL
0x735b0000 - 0x735c4000 	C:\WINDOWS\SYSTEM32\dhcpcsvc.DLL
0x70340000 - 0x703bd000 	C:\WINDOWS\SYSTEM32\DNSAPI.dll
0x6d6f0000 - 0x6d6f8000 	C:\Windows\System32\rasadhlp.dll
0x733e0000 - 0x73429000 	C:\WINDOWS\System32\fwpuclnt.dll
0x73bf0000 - 0x73c0b000 	C:\WINDOWS\SYSTEM32\bcrypt.dll
0x574c0000 - 0x57529000 	C:\Program Files (x86)\Arduino\msvcp100.dll
0x78280000 - 0x7833e000 	C:\Program Files (x86)\Arduino\msvcr100.dll
0x29220000 - 0x29252000 	C:\Program Files (x86)\Arduino\lib\AStylej.dll
0x57490000 - 0x574b4000 	C:\Program Files (x86)\Arduino\java\bin\dcpr.dll
0x77130000 - 0x771b4000 	C:\WINDOWS\System32\clbcatq.dll
0x652e0000 - 0x6544e000 	C:\WINDOWS\SYSTEM32\WindowsCodecs.dll
0x6f360000 - 0x6f3a4000 	C:\WINDOWS\system32\dataexchange.dll
0x64f90000 - 0x651c0000 	C:\WINDOWS\system32\d3d11.dll
0x651c0000 - 0x652d3000 	C:\WINDOWS\system32\dcomp.dll
0x64f00000 - 0x64f83000 	C:\WINDOWS\system32\dxgi.dll
0x64e00000 - 0x64ef1000 	C:\WINDOWS\system32\twinapi.appcore.dll
0x029e0000 - 0x02a2e000 	C:\WINDOWS\system32\Ninput.dll
0x26ab0000 - 0x27499000 	C:\WINDOWS\SYSTEM32\ig9icd32.dll
0x63f50000 - 0x64be4000 	C:\WINDOWS\SYSTEM32\igc32.dll
0x70400000 - 0x7040f000 	C:\WINDOWS\SYSTEM32\WTSAPI32.dll
0x73c30000 - 0x73c43000 	C:\WINDOWS\SYSTEM32\CRYPTSP.dll
0x73bc0000 - 0x73bef000 	C:\WINDOWS\system32\rsaenh.dll
0x712e0000 - 0x712fa000 	C:\WINDOWS\SYSTEM32\USERENV.dll
0x76640000 - 0x76725000 	C:\WINDOWS\System32\COMDLG32.dll
0x6d8a0000 - 0x6d9ef000 	C:\WINDOWS\system32\propsys.dll
0x50030000 - 0x500ab000 	C:\Program Files (x86)\Common Files\microsoft shared\ink\tiptsf.dll
0x62290000 - 0x622cd000 	C:\WINDOWS\SYSTEM32\edputil.dll
0x28c30000 - 0x28d54000 	C:\WINDOWS\system32\NetworkExplorer.dll
0x6fbc0000 - 0x6fbc8000 	C:\WINDOWS\system32\IconCodecService.dll
0x63e50000 - 0x63e93000 	C:\Windows\System32\thumbcache.dll
0x55dc0000 - 0x55e81000 	C:\WINDOWS\SYSTEM32\ntshrui.dll
0x6fa00000 - 0x6fa1c000 	C:\WINDOWS\SYSTEM32\srvcli.dll
0x55db0000 - 0x55dbf000 	C:\WINDOWS\SYSTEM32\cscapi.dll
0x59f80000 - 0x5a005000 	C:\WINDOWS\System32\StructuredQuery.dll
0x58750000 - 0x58790000 	C:\WINDOWS\SYSTEM32\policymanager.dll
0x586e0000 - 0x58747000 	C:\WINDOWS\SYSTEM32\msvcp110_win.dll
0x2e780000 - 0x2e82f000 	C:\WINDOWS\system32\Windows.Storage.Search.dll
0x2eab0000 - 0x2ec38000 	C:\Users\u16t78\AppData\Local\Microsoft\OneDrive\17.3.6381.0405\FileSyncShell.dll
0x2ecd0000 - 0x2ed41000 	C:\Users\u16t78\AppData\Local\Microsoft\OneDrive\17.3.6381.0405\MSVCP120.dll
0x73ed0000 - 0x74136000 	C:\WINDOWS\SYSTEM32\WININET.dll
0x2eda0000 - 0x2ee8e000 	C:\Users\u16t78\AppData\Local\Microsoft\OneDrive\17.3.6381.0405\MSVCR120.dll
0x2ed50000 - 0x2ed9d000 	C:\Users\u16t78\AppData\Local\Microsoft\OneDrive\17.3.6381.0405\Telemetry.dll
0x29980000 - 0x299a7000 	C:\Users\u16t78\AppData\Local\Microsoft\OneDrive\17.3.6381.0405\LoggingPlatform.DLL
0x55ae0000 - 0x55b01000 	C:\WINDOWS\SYSTEM32\Cabinet.dll
0x70430000 - 0x704d0000 	C:\WINDOWS\SYSTEM32\WINHTTP.dll
0x2ee90000 - 0x2ef38000 	C:\Users\u16t78\AppData\Local\Microsoft\OneDrive\17.3.6381.0405\ClientTelemetry.dll
0x2ef40000 - 0x2f168000 	C:\Program Files (x86)\Microsoft Office\root\Office16\GROOVEEX.DLL
0x6daf0000 - 0x6db05000 	C:\WINDOWS\SYSTEM32\VCRUNTIME140.dll
0x62ca0000 - 0x62d11000 	C:\WINDOWS\SYSTEM32\MSVCP140.dll
0x6fc70000 - 0x6fffb000 	C:\WINDOWS\SYSTEM32\msi.dll
0x2f170000 - 0x2f9f3000 	C:\Program Files (x86)\Microsoft Office\root\Office16\1033\GrooveIntlResource.dll
0x5aa40000 - 0x5aa52000 	C:\WINDOWS\system32\mssprxy.dll
0x73830000 - 0x739c5000 	C:\WINDOWS\SYSTEM32\urlmon.dll
0x73600000 - 0x7382a000 	C:\WINDOWS\SYSTEM32\iertutil.dll
0x5d510000 - 0x5d696000 	C:\Windows\System32\ActXPrxy.dll
0x73cd0000 - 0x73e15000 	C:\WINDOWS\SYSTEM32\dbghelp.dll

VM Arguments:
jvm_args: -Dsun.java2d.d3d=false -Djna.nosys=true -Djna.nounpack=true -Djna.boot.library.name=jnidispatch-4.2.2-win32-x86 -Djna.boot.library.path=C:\Program Files (x86)\Arduino/lib -Djssc.library.path=C:\Program Files (x86)\Arduino/lib -DAPP_DIR=C:\Program Files (x86)\Arduino -Xms128M -Xmx512M 
java_command: processing.app.Base C:\Users\u16t78\Documents\AUTONOMOUS\RC_Car_2019\ACC_Task_Schd_July1_2019\ACC_Task_Schd_July1_2019.ino
java_class_path (initial): C:\Program Files (x86)\Arduino\lib\apple.jar;C:\Program Files (x86)\Arduino\lib\arduino-core.jar;C:\Program Files (x86)\Arduino\lib\batik-1.8.jar;C:\Program Files (x86)\Arduino\lib\batik-anim-1.8.jar;C:\Program Files (x86)\Arduino\lib\batik-awt-util-1.8.jar;C:\Program Files (x86)\Arduino\lib\batik-bridge-1.8.jar;C:\Program Files (x86)\Arduino\lib\batik-codec-1.8.jar;C:\Program Files (x86)\Arduino\lib\batik-css-1.8.jar;C:\Program Files (x86)\Arduino\lib\batik-dom-1.8.jar;C:\Program Files (x86)\Arduino\lib\batik-ext-1.8.jar;C:\Program Files (x86)\Arduino\lib\batik-gvt-1.8.jar;C:\Program Files (x86)\Arduino\lib\batik-parser-1.8.jar;C:\Program Files (x86)\Arduino\lib\batik-rasterizer-1.8.jar;C:\Program Files (x86)\Arduino\lib\batik-script-1.8.jar;C:\Program Files (x86)\Arduino\lib\batik-squiggle-1.8.jar;C:\Program Files (x86)\Arduino\lib\batik-svg-dom-1.8.jar;C:\Program Files (x86)\Arduino\lib\batik-svgpp-1.8.jar;C:\Program Files (x86)\Arduino\lib\batik-transcoder-1.8.jar;C:\Program Files (x86)\Arduino\lib\batik-util-1.8.jar;C:\Program Files (x86)\Arduino\lib\batik-xml-1.8.jar;C:\Program Files (x86)\Arduino\lib\bcpg-jdk15on-152.jar;C:\Program Files (x86)\Arduino\lib\bcprov-jdk15on-152.jar;C:\Program Files (x86)\Arduino\lib\commons-codec-1.7.jar;C:\Program Files (x86)\Arduino\lib\commons-compress-1.8.jar;C:\Program Files (x86)\Arduino\lib\commons-exec-1.1.jar;C:\Program Files (x86)\Arduino\lib\commons-httpclient-3.1.jar;C:\Program Files (x86)\Arduino\lib\commons-lang3-3.3.2.jar;C:\Program Files (x86)\Arduino\lib\commons-logging-1.0.4.jar;C:\Program Files (x86)\Arduino\lib\commons-net-3.3.jar;C:\Program Files (x86)\Arduino\lib\jackson-annotations-2.6.3.jar;C:\Program Files (x86)\Arduino\lib\jackson-core-2.6.3.jar;C:\Program Files (x86)\Arduino\lib\jackson-databind-2.6.3.jar;C:\Program Files (x86)\Arduino\lib\jackson-module-mrbean-2.6.3.jar;C:\Program Files (x86)\Arduino\lib\java-semver-0.8.0.jar;C:\Program Files (x86)\Arduino\lib\jmdns-3.5.1.j
Launcher Type: SUN_STANDARD

Environment Variables:
PATH=C:\Program Files\Microsoft MPI\Bin\;C:\WINDOWS\system32;C:\WINDOWS;C:\WINDOWS\System32\Wbem;C:\WINDOWS\System32\WindowsPowerShell\v1.0\;C:\ProgramData\Oracle\Java\javapath;C:\Program Files\Anaconda3;C:\Program Files\Anaconda3\Scripts;C:\Program Files\Anaconda3\Library\bin;C:\Program Files\PuTTY\;C:\Users\u16t78\AppData\Local\Microsoft\WindowsApps;C:\OpenCV-3.3.1\opencv\build\x64\vc14\bin;C:\Users\u16t78\AppData\Local\GitHubDesktop\bin;C:\Program Files (x86)\Arduino\java\bin
USERNAME=u16t78
OS=Windows_NT
PROCESSOR_IDENTIFIER=Intel64 Family 6 Model 78 Stepping 3, GenuineIntel



---------------  S Y S T E M  ---------------

OS: Windows 10.0 , 64 bit Build 14393 (10.0.14393.1198)

CPU:total 4 (2 cores per cpu, 2 threads per core) family 6 model 78 stepping 3, cmov, cx8, fxsr, mmx, sse, sse2, sse3, ssse3, sse4.1, sse4.2, popcnt, avx, avx2, aes, clmul, erms, rtm, 3dnowpref, lzcnt, ht, tsc, tscinvbit, bmi1, bmi2, adx

Memory: 4k page, physical 16654928k(8120376k free), swap 19145296k(6223760k free)

vm_info: Java HotSpot(TM) Client VM (25.121-b13) for windows-x86 JRE (1.8.0_121-b13), built on Dec 12 2016 18:17:00 by "java_re" with MS VC++ 10.0 (VS2010)

time: Tue Jul 02 17:38:04 2019
elapsed time: 108653 seconds (1d 6h 10m 53s)

