Determining if the pthread_create exist failed with the following output:
Change Dir: /home/pi/LaneRecog_PI_CntrlIntl_V21/CMakeFiles/CMakeTmp

Run Build Command:"/usr/bin/make" "cmTC_13333/fast"
/usr/bin/make -f CMakeFiles/cmTC_13333.dir/build.make CMakeFiles/cmTC_13333.dir/build
make[1]: Entering directory '/home/pi/LaneRecog_PI_CntrlIntl_V21/CMakeFiles/CMakeTmp'
Building C object CMakeFiles/cmTC_13333.dir/CheckSymbolExists.c.o
/usr/bin/cc     -o CMakeFiles/cmTC_13333.dir/CheckSymbolExists.c.o   -c /home/pi/LaneRecog_PI_CntrlIntl_V21/CMakeFiles/CMakeTmp/CheckSymbolExists.c
Linking C executable cmTC_13333
/usr/bin/cmake -E cmake_link_script CMakeFiles/cmTC_13333.dir/link.txt --verbose=1
/usr/bin/cc       CMakeFiles/cmTC_13333.dir/CheckSymbolExists.c.o  -o cmTC_13333 -rdynamic 
CMakeFiles/cmTC_13333.dir/CheckSymbolExists.c.o: In function `main':
CheckSymbolExists.c:(.text+0x38): undefined reference to `pthread_create'
collect2: error: ld returned 1 exit status
CMakeFiles/cmTC_13333.dir/build.make:97: recipe for target 'cmTC_13333' failed
make[1]: *** [cmTC_13333] Error 1
make[1]: Leaving directory '/home/pi/LaneRecog_PI_CntrlIntl_V21/CMakeFiles/CMakeTmp'
Makefile:126: recipe for target 'cmTC_13333/fast' failed
make: *** [cmTC_13333/fast] Error 2

File /home/pi/LaneRecog_PI_CntrlIntl_V21/CMakeFiles/CMakeTmp/CheckSymbolExists.c:
/* */
#include <pthread.h>

int main(int argc, char** argv)
{
  (void)argv;
#ifndef pthread_create
  return ((int*)(&pthread_create))[argc];
#else
  (void)argc;
  return 0;
#endif
}

